<?xml version="1.0" encoding="UTF-8"?>
<testsuite xmlns:xsi="http://www.w3.org/2001/XMLSchema-instance" xsi:noNamespaceSchemaLocation="https://maven.apache.org/surefire/maven-surefire-plugin/xsd/surefire-test-report-3.0.xsd" version="3.0" name="com.sports.repository.ExerciseRepositoryTest" time="12.716" tests="11" errors="0" skipped="0" failures="0">
  <properties>
[...]
</properties>
  <testcase name="testSumCaloriesByUserIdAndDateRange_NoData" classname="com.sports.repository.ExerciseRepositoryTest" time="2.585">
    <system-out><![CDATA[15:41:04.111 [main] INFO org.springframework.test.context.support.AnnotationConfigContextLoaderUtils -- Could not detect default configuration classes for test class [com.sports.repository.ExerciseRepositoryTest]: ExerciseRepositoryTest does not declare any static, non-private, non-final, nested classes annotated with @Configuration.
15:41:04.243 [main] INFO org.springframework.boot.test.context.SpringBootTestContextBootstrapper -- Found @SpringBootConfiguration com.sports.Application for test class com.sports.repository.ExerciseRepositoryTest

  .   ____          _            __ _ _
 /\\ / ___'_ __ _ _(_)_ __  __ _ \ \ \ \
( ( )\___ | '_ | '_| | '_ \/ _` | \ \ \ \
 \\/  ___)| |_)| | | | | || (_| |  ) ) ) )
  '  |____| .__|_| |_|_| |_\__, | / / / /
 =========|_|==============|___/=/_/_/_/
 :: Spring Boot ::                (v3.2.0)

2026-05-10 15:41:04 [main] INFO  c.s.r.ExerciseRepositoryTest - Starting ExerciseRepositoryTest using Java 17.0.18 with PID 3596 (started by charlesshuai in D:\charles\program\ai\apps\02.work session\session-gsb1v1_0509\gitlab source\B-635\B-635-TestM_3\backend)
2026-05-10 15:41:04 [main] DEBUG c.s.r.ExerciseRepositoryTest - Running with Spring Boot v3.2.0, Spring v6.1.1
2026-05-10 15:41:04 [main] INFO  c.s.r.ExerciseRepositoryTest - The following 1 profile is active: "test"
2026-05-10 15:41:05 [main] INFO  o.s.d.r.c.RepositoryConfigurationDelegate - Bootstrapping Spring Data JPA repositories in DEFAULT mode.
2026-05-10 15:41:05 [main] INFO  o.s.d.r.c.RepositoryConfigurationDelegate - Finished Spring Data repository scanning in 87 ms. Found 4 JPA repository interfaces.
2026-05-10 15:41:05 [main] INFO  o.s.b.t.a.j.TestDatabaseAutoConfiguration$EmbeddedDataSourceBeanFactoryPostProcessor - Replacing 'dataSource' DataSource bean with embedded version
2026-05-10 15:41:05 [main] INFO  o.s.j.d.e.EmbeddedDatabaseFactory - Starting embedded database: url='jdbc:h2:mem:1c99b272-ef1b-4779-b672-2d5cf8dfbb29;DB_CLOSE_DELAY=-1;DB_CLOSE_ON_EXIT=false', username='sa'
2026-05-10 15:41:05 [main] INFO  o.h.jpa.internal.util.LogHelper - HHH000204: Processing PersistenceUnitInfo [name: default]
2026-05-10 15:41:05 [main] INFO  org.hibernate.Version - HHH000412: Hibernate ORM core version 6.3.1.Final
2026-05-10 15:41:05 [main] INFO  o.h.c.i.RegionFactoryInitiator - HHH000026: Second-level cache disabled
2026-05-10 15:41:05 [main] INFO  o.s.o.j.p.SpringPersistenceUnitInfo - No LoadTimeWeaver setup: ignoring JPA class transformer
2026-05-10 15:41:05 [main] WARN  org.hibernate.orm.deprecation - HHH90000025: H2Dialect does not need to be specified explicitly using 'hibernate.dialect' (remove the property setting and it will be selected by default)
2026-05-10 15:41:07 [main] INFO  o.h.e.t.j.p.i.JtaPlatformInitiator - HHH000489: No JTA platform available (set 'hibernate.transaction.jta.platform' to enable JTA platform integration)
Hibernate: 
    drop table if exists exercise_types cascade 
Hibernate: 
    drop table if exists exercises cascade 
Hibernate: 
    drop table if exists goals cascade 
Hibernate: 
    drop table if exists users cascade 
Hibernate: 
    create table exercise_types (
        calories_per_minute integer,
        id bigint generated by default as identity,
        color varchar(20),
        icon varchar(50),
        name varchar(50) not null,
        description varchar(255),
        primary key (id)
    )
Hibernate: 
    create table exercises (
        calories_burned integer,
        distance_km numeric(10,2),
        duration_minutes integer not null,
        exercise_date date not null,
        start_time time(6),
        created_at timestamp(6),
        id bigint generated by default as identity,
        type_id bigint not null,
        user_id bigint not null,
        notes varchar(500),
        primary key (id)
    )
Hibernate: 
    create table goals (
        current_value integer,
        end_date date not null,
        start_date date not null,
        target_value integer not null,
        created_at timestamp(6),
        id bigint generated by default as identity,
        user_id bigint not null,
        status varchar(20),
        goal_type varchar(50) not null,
        title varchar(100),
        primary key (id)
    )
Hibernate: 
    create table users (
        created_at timestamp(6),
        id bigint generated by default as identity,
        updated_at timestamp(6),
        nickname varchar(50),
        username varchar(50) not null unique,
        email varchar(100) not null unique,
        avatar varchar(255),
        password varchar(255) not null,
        primary key (id)
    )
Hibernate: 
    alter table if exists exercises 
       add constraint FKc3aucnorx3bytl1b57u7rviy1 
       foreign key (type_id) 
       references exercise_types
Hibernate: 
    alter table if exists exercises 
       add constraint FKkiftckymv693t6yxogsb50n4y 
       foreign key (user_id) 
       references users
Hibernate: 
    alter table if exists goals 
       add constraint FKb1mp6ulyqkpcw6bc1a2mr7v1g 
       foreign key (user_id) 
       references users
2026-05-10 15:41:07 [main] INFO  o.s.o.j.LocalContainerEntityManagerFactoryBean - Initialized JPA EntityManagerFactory for persistence unit 'default'
2026-05-10 15:41:08 [main] INFO  o.s.d.j.r.query.QueryEnhancerFactory - Hibernate is in classpath; If applicable, HQL parser will be used.
2026-05-10 15:41:13 [main] INFO  c.s.r.ExerciseRepositoryTest - Started ExerciseRepositoryTest in 9.135 seconds (process running for 10.041)
Hibernate: 
    insert 
    into
        users
        (avatar, created_at, email, nickname, password, updated_at, username, id) 
    values
        (?, ?, ?, ?, ?, ?, ?, default)
Hibernate: 
    insert 
    into
        exercise_types
        (calories_per_minute, color, description, icon, name, id) 
    values
        (?, ?, ?, ?, ?, default)
Hibernate: 
    insert 
    into
        exercise_types
        (calories_per_minute, color, description, icon, name, id) 
    values
        (?, ?, ?, ?, ?, default)
Hibernate: 
    select
        sum(e1_0.calories_burned) 
    from
        exercises e1_0 
    where
        e1_0.user_id=? 
        and e1_0.exercise_date between ? and ?
]]></system-out>
  </testcase>
  <testcase name="testSumCaloriesByUserIdAndDateRange" classname="com.sports.repository.ExerciseRepositoryTest" time="0.073">
    <system-out><![CDATA[Hibernate: 
    insert 
    into
        users
        (avatar, created_at, email, nickname, password, updated_at, username, id) 
    values
        (?, ?, ?, ?, ?, ?, ?, default)
Hibernate: 
    insert 
    into
        exercise_types
        (calories_per_minute, color, description, icon, name, id) 
    values
        (?, ?, ?, ?, ?, default)
Hibernate: 
    insert 
    into
        exercise_types
        (calories_per_minute, color, description, icon, name, id) 
    values
        (?, ?, ?, ?, ?, default)
Hibernate: 
    insert 
    into
        exercises
        (calories_burned, created_at, distance_km, duration_minutes, exercise_date, type_id, notes, start_time, user_id, id) 
    values
        (?, ?, ?, ?, ?, ?, ?, ?, ?, default)
Hibernate: 
    insert 
    into
        exercises
        (calories_burned, created_at, distance_km, duration_minutes, exercise_date, type_id, notes, start_time, user_id, id) 
    values
        (?, ?, ?, ?, ?, ?, ?, ?, ?, default)
Hibernate: 
    insert 
    into
        exercises
        (calories_burned, created_at, distance_km, duration_minutes, exercise_date, type_id, notes, start_time, user_id, id) 
    values
        (?, ?, ?, ?, ?, ?, ?, ?, ?, default)
Hibernate: 
    select
        sum(e1_0.calories_burned) 
    from
        exercises e1_0 
    where
        e1_0.user_id=? 
        and e1_0.exercise_date between ? and ?
]]></system-out>
  </testcase>
  <testcase name="testBoundaryDates" classname="com.sports.repository.ExerciseRepositoryTest" time="0.058">
    <system-out><![CDATA[Hibernate: 
    insert 
    into
        users
        (avatar, created_at, email, nickname, password, updated_at, username, id) 
    values
        (?, ?, ?, ?, ?, ?, ?, default)
Hibernate: 
    insert 
    into
        exercise_types
        (calories_per_minute, color, description, icon, name, id) 
    values
        (?, ?, ?, ?, ?, default)
Hibernate: 
    insert 
    into
        exercise_types
        (calories_per_minute, color, description, icon, name, id) 
    values
        (?, ?, ?, ?, ?, default)
Hibernate: 
    insert 
    into
        exercises
        (calories_burned, created_at, distance_km, duration_minutes, exercise_date, type_id, notes, start_time, user_id, id) 
    values
        (?, ?, ?, ?, ?, ?, ?, ?, ?, default)
Hibernate: 
    insert 
    into
        exercises
        (calories_burned, created_at, distance_km, duration_minutes, exercise_date, type_id, notes, start_time, user_id, id) 
    values
        (?, ?, ?, ?, ?, ?, ?, ?, ?, default)
Hibernate: 
    select
        sum(e1_0.calories_burned) 
    from
        exercises e1_0 
    where
        e1_0.user_id=? 
        and e1_0.exercise_date between ? and ?
Hibernate: 
    select
        count(e1_0.id) 
    from
        exercises e1_0 
    where
        e1_0.user_id=? 
        and e1_0.exercise_date between ? and ?
]]></system-out>
  </testcase>
  <testcase name="testCountByExerciseType" classname="com.sports.repository.ExerciseRepositoryTest" time="0.05">
    <system-out><![CDATA[Hibernate: 
    insert 
    into
        users
        (avatar, created_at, email, nickname, password, updated_at, username, id) 
    values
        (?, ?, ?, ?, ?, ?, ?, default)
Hibernate: 
    insert 
    into
        exercise_types
        (calories_per_minute, color, description, icon, name, id) 
    values
        (?, ?, ?, ?, ?, default)
Hibernate: 
    insert 
    into
        exercise_types
        (calories_per_minute, color, description, icon, name, id) 
    values
        (?, ?, ?, ?, ?, default)
Hibernate: 
    insert 
    into
        exercises
        (calories_burned, created_at, distance_km, duration_minutes, exercise_date, type_id, notes, start_time, user_id, id) 
    values
        (?, ?, ?, ?, ?, ?, ?, ?, ?, default)
Hibernate: 
    insert 
    into
        exercises
        (calories_burned, created_at, distance_km, duration_minutes, exercise_date, type_id, notes, start_time, user_id, id) 
    values
        (?, ?, ?, ?, ?, ?, ?, ?, ?, default)
Hibernate: 
    insert 
    into
        exercises
        (calories_burned, created_at, distance_km, duration_minutes, exercise_date, type_id, notes, start_time, user_id, id) 
    values
        (?, ?, ?, ?, ?, ?, ?, ?, ?, default)
Hibernate: 
    select
        et1_0.name,
        count(e1_0.id) 
    from
        exercises e1_0 
    join
        exercise_types et1_0 
            on et1_0.id=e1_0.type_id 
    where
        e1_0.user_id=? 
    group by
        et1_0.name
]]></system-out>
  </testcase>
  <testcase name="testSumDurationByUserIdAndDateRange" classname="com.sports.repository.ExerciseRepositoryTest" time="0.038">
    <system-out><![CDATA[Hibernate: 
    insert 
    into
        users
        (avatar, created_at, email, nickname, password, updated_at, username, id) 
    values
        (?, ?, ?, ?, ?, ?, ?, default)
Hibernate: 
    insert 
    into
        exercise_types
        (calories_per_minute, color, description, icon, name, id) 
    values
        (?, ?, ?, ?, ?, default)
Hibernate: 
    insert 
    into
        exercise_types
        (calories_per_minute, color, description, icon, name, id) 
    values
        (?, ?, ?, ?, ?, default)
Hibernate: 
    insert 
    into
        exercises
        (calories_burned, created_at, distance_km, duration_minutes, exercise_date, type_id, notes, start_time, user_id, id) 
    values
        (?, ?, ?, ?, ?, ?, ?, ?, ?, default)
Hibernate: 
    insert 
    into
        exercises
        (calories_burned, created_at, distance_km, duration_minutes, exercise_date, type_id, notes, start_time, user_id, id) 
    values
        (?, ?, ?, ?, ?, ?, ?, ?, ?, default)
Hibernate: 
    select
        sum(e1_0.duration_minutes) 
    from
        exercises e1_0 
    where
        e1_0.user_id=? 
        and e1_0.exercise_date between ? and ?
]]></system-out>
  </testcase>
  <testcase name="testCountByUserIdAndDateRange_NoData" classname="com.sports.repository.ExerciseRepositoryTest" time="0.029">
    <system-out><![CDATA[Hibernate: 
    insert 
    into
        users
        (avatar, created_at, email, nickname, password, updated_at, username, id) 
    values
        (?, ?, ?, ?, ?, ?, ?, default)
Hibernate: 
    insert 
    into
        exercise_types
        (calories_per_minute, color, description, icon, name, id) 
    values
        (?, ?, ?, ?, ?, default)
Hibernate: 
    insert 
    into
        exercise_types
        (calories_per_minute, color, description, icon, name, id) 
    values
        (?, ?, ?, ?, ?, default)
Hibernate: 
    select
        count(e1_0.id) 
    from
        exercises e1_0 
    where
        e1_0.user_id=? 
        and e1_0.exercise_date between ? and ?
]]></system-out>
  </testcase>
  <testcase name="testCountByExerciseType_NoData" classname="com.sports.repository.ExerciseRepositoryTest" time="0.03">
    <system-out><![CDATA[Hibernate: 
    insert 
    into
        users
        (avatar, created_at, email, nickname, password, updated_at, username, id) 
    values
        (?, ?, ?, ?, ?, ?, ?, default)
Hibernate: 
    insert 
    into
        exercise_types
        (calories_per_minute, color, description, icon, name, id) 
    values
        (?, ?, ?, ?, ?, default)
Hibernate: 
    insert 
    into
        exercise_types
        (calories_per_minute, color, description, icon, name, id) 
    values
        (?, ?, ?, ?, ?, default)
Hibernate: 
    select
        et1_0.name,
        count(e1_0.id) 
    from
        exercises e1_0 
    join
        exercise_types et1_0 
            on et1_0.id=e1_0.type_id 
    where
        e1_0.user_id=? 
    group by
        et1_0.name
]]></system-out>
  </testcase>
  <testcase name="testGetCaloriesTrendByDateRange_NoData" classname="com.sports.repository.ExerciseRepositoryTest" time="0.037">
    <system-out><![CDATA[Hibernate: 
    insert 
    into
        users
        (avatar, created_at, email, nickname, password, updated_at, username, id) 
    values
        (?, ?, ?, ?, ?, ?, ?, default)
Hibernate: 
    insert 
    into
        exercise_types
        (calories_per_minute, color, description, icon, name, id) 
    values
        (?, ?, ?, ?, ?, default)
Hibernate: 
    insert 
    into
        exercise_types
        (calories_per_minute, color, description, icon, name, id) 
    values
        (?, ?, ?, ?, ?, default)
Hibernate: 
    select
        e1_0.exercise_date,
        sum(e1_0.calories_burned) 
    from
        exercises e1_0 
    where
        e1_0.user_id=? 
        and e1_0.exercise_date between ? and ? 
    group by
        e1_0.exercise_date 
    order by
        e1_0.exercise_date
]]></system-out>
  </testcase>
  <testcase name="testCountByUserIdAndDateRange" classname="com.sports.repository.ExerciseRepositoryTest" time="0.038">
    <system-out><![CDATA[Hibernate: 
    insert 
    into
        users
        (avatar, created_at, email, nickname, password, updated_at, username, id) 
    values
        (?, ?, ?, ?, ?, ?, ?, default)
Hibernate: 
    insert 
    into
        exercise_types
        (calories_per_minute, color, description, icon, name, id) 
    values
        (?, ?, ?, ?, ?, default)
Hibernate: 
    insert 
    into
        exercise_types
        (calories_per_minute, color, description, icon, name, id) 
    values
        (?, ?, ?, ?, ?, default)
Hibernate: 
    insert 
    into
        exercises
        (calories_burned, created_at, distance_km, duration_minutes, exercise_date, type_id, notes, start_time, user_id, id) 
    values
        (?, ?, ?, ?, ?, ?, ?, ?, ?, default)
Hibernate: 
    insert 
    into
        exercises
        (calories_burned, created_at, distance_km, duration_minutes, exercise_date, type_id, notes, start_time, user_id, id) 
    values
        (?, ?, ?, ?, ?, ?, ?, ?, ?, default)
Hibernate: 
    insert 
    into
        exercises
        (calories_burned, created_at, distance_km, duration_minutes, exercise_date, type_id, notes, start_time, user_id, id) 
    values
        (?, ?, ?, ?, ?, ?, ?, ?, ?, default)
Hibernate: 
    select
        count(e1_0.id) 
    from
        exercises e1_0 
    where
        e1_0.user_id=? 
        and e1_0.exercise_date between ? and ?
]]></system-out>
  </testcase>
  <testcase name="testSumDurationByUserIdAndDateRange_NoData" classname="com.sports.repository.ExerciseRepositoryTest" time="0.029">
    <system-out><![CDATA[Hibernate: 
    insert 
    into
        users
        (avatar, created_at, email, nickname, password, updated_at, username, id) 
    values
        (?, ?, ?, ?, ?, ?, ?, default)
Hibernate: 
    insert 
    into
        exercise_types
        (calories_per_minute, color, description, icon, name, id) 
    values
        (?, ?, ?, ?, ?, default)
Hibernate: 
    insert 
    into
        exercise_types
        (calories_per_minute, color, description, icon, name, id) 
    values
        (?, ?, ?, ?, ?, default)
Hibernate: 
    select
        sum(e1_0.duration_minutes) 
    from
        exercises e1_0 
    where
        e1_0.user_id=? 
        and e1_0.exercise_date between ? and ?
]]></system-out>
  </testcase>
  <testcase name="testGetCaloriesTrendByDateRange" classname="com.sports.repository.ExerciseRepositoryTest" time="0.041">
    <system-out><![CDATA[Hibernate: 
    insert 
    into
        users
        (avatar, created_at, email, nickname, password, updated_at, username, id) 
    values
        (?, ?, ?, ?, ?, ?, ?, default)
Hibernate: 
    insert 
    into
        exercise_types
        (calories_per_minute, color, description, icon, name, id) 
    values
        (?, ?, ?, ?, ?, default)
Hibernate: 
    insert 
    into
        exercise_types
        (calories_per_minute, color, description, icon, name, id) 
    values
        (?, ?, ?, ?, ?, default)
Hibernate: 
    insert 
    into
        exercises
        (calories_burned, created_at, distance_km, duration_minutes, exercise_date, type_id, notes, start_time, user_id, id) 
    values
        (?, ?, ?, ?, ?, ?, ?, ?, ?, default)
Hibernate: 
    insert 
    into
        exercises
        (calories_burned, created_at, distance_km, duration_minutes, exercise_date, type_id, notes, start_time, user_id, id) 
    values
        (?, ?, ?, ?, ?, ?, ?, ?, ?, default)
Hibernate: 
    insert 
    into
        exercises
        (calories_burned, created_at, distance_km, duration_minutes, exercise_date, type_id, notes, start_time, user_id, id) 
    values
        (?, ?, ?, ?, ?, ?, ?, ?, ?, default)
Hibernate: 
    select
        e1_0.exercise_date,
        sum(e1_0.calories_burned) 
    from
        exercises e1_0 
    where
        e1_0.user_id=? 
        and e1_0.exercise_date between ? and ? 
    group by
        e1_0.exercise_date 
    order by
        e1_0.exercise_date
]]></system-out>
  </testcase>
</testsuite>